\BOOKMARK [1][-]{section.1}{\376\377\137\025\212\000\377\032\116\000\116\052\000`\000`\167\013\215\167\147\145\173\200\123\125\000'\000'\166\204\127\372\170\100\225\356\230\230}{}% 1
\BOOKMARK [2][-]{subsection.1.1}{\376\377\123\357\214\003\145\164\145\160\176\304\225\356\230\230}{section.1}% 2
\BOOKMARK [2][-]{subsection.1.2}{\376\377\116\316\000\040\000\050\000N\000\051\000\040\122\060\000\040\000O\000\050\000N\000\051\377\032\116\000\116\052\0002\0005\136\164\166\204\172\201\170\064}{section.1}% 3
\BOOKMARK [2][-]{subsection.1.3}{\376\377\000T\000a\000r\000j\000a\000n\000\040\000\046\000\040\000Z\000w\000i\000c\000k\000\040\000\050\0002\0000\0002\0004\000\051\000\040\166\204\150\070\137\303\215\041\163\056}{section.1}% 4
\BOOKMARK [1][-]{section.2}{\376\377\225\356\230\230\137\142\137\017\123\026\116\016\213\241\173\227\152\041\127\213}{}% 5
\BOOKMARK [2][-]{subsection.2.1}{\376\377\000\050\000s\000\050\000N\000\051\000,\000\040\000t\000\050\000N\000\051\000\051\000-\133\236\163\260}{section.2}% 6
\BOOKMARK [2][-]{subsection.2.2}{\376\377\127\127\152\041\127\213}{section.2}% 7
\BOOKMARK [1][-]{section.3}{\376\377\122\115\116\272\135\345\117\134\377\032\116\316\120\015\130\236\145\160\176\304\122\060\000\040\000B\000r\000o\000d\000n\000i\000k\000\040\176\323\147\204}{}% 8
\BOOKMARK [2][-]{subsection.3.1}{\376\377\121\340\117\125\142\151\134\125\000/\145\066\177\051\116\016\127\107\144\112\122\006\147\220}{section.3}% 9
\BOOKMARK [2][-]{subsection.3.2}{\376\377\000H\000A\000T\377\010\000H\000a\000s\000h\000e\000d\000\040\000A\000r\000r\000a\000y\000\040\000T\000r\000e\000e\377\011}{section.3}% 10
\BOOKMARK [2][-]{subsection.3.3}{\376\377\000B\000r\000o\000d\000n\000i\000k\000\040\173\111\116\272\166\204\123\330\225\177\145\160\143\156\127\127\176\323\147\204}{section.3}% 11
\BOOKMARK [1][-]{section.4}{\376\377\172\172\225\364\116\013\165\114\377\032\116\316\000\040\000N\000\040\122\060\000\040\000s\000\050\000N\000\051\000\040\000t\000\050\000N\000\051\000\040\000N}{}% 12
\BOOKMARK [2][-]{subsection.4.1}{\376\377\000N\000\040\116\013\165\114\166\204\126\336\230\176\116\016\234\201\150\322\140\047}{section.4}% 13
\BOOKMARK [2][-]{subsection.4.2}{\376\377\133\232\164\006\000\040\0004\000.\0002\377\032\116\130\171\357\116\013\165\114\166\204\166\364\211\311}{section.4}% 14
\BOOKMARK [2][-]{subsection.4.3}{\376\377\143\250\213\272\000\040\0004\000.\0003}{section.4}% 15
\BOOKMARK [1][-]{section.5}{\376\377\116\012\165\114\147\204\220\040\377\032\116\316\000\040\000r\000\040\000=\000\040\0003\000\040\122\060\116\000\202\054\000\040\000r\000\040\166\204\134\102\153\041\123\026\176\323\147\204}{}% 16
\BOOKMARK [2][-]{subsection.5.1}{\376\377\000r\000\040\000=\000\040\0003\377\032\116\044\134\102\127\127\166\204\173\200\123\125\162\171\117\213}{section.5}% 17
\BOOKMARK [2][-]{subsection.5.2}{\376\377\116\000\202\054\000\040\000r\377\032\131\032\134\102\127\127\116\016\000\040\000C\000r\000e\000d\000i\000t\000\040\127\107\144\112\122\006\147\220}{section.5}% 18
\BOOKMARK [2][-]{subsection.5.3}{\376\377\155\210\123\273\000\040\000r\000\040\126\340\133\120\377\032\173\054\000\040\0007\000\040\202\202\166\204\145\160\143\156\176\323\147\204\123\330\143\142}{section.5}% 19
\BOOKMARK [2][-]{subsection.5.4}{\376\377\116\343\170\001\232\214\213\301}{section.5}% 20
\BOOKMARK [1][-]{section.6}{\376\377\130\236\225\177\156\070\142\017\116\016\145\366\225\364\116\013\165\114}{}% 21
\BOOKMARK [2][-]{subsection.6.1}{\376\377\130\236\225\177\156\070\142\017\166\204\142\275\214\141\220\073\217\221}{section.6}% 22
\BOOKMARK [2][-]{subsection.6.2}{\376\377\137\122\176\246\060\001\174\276\170\156\211\343\116\016\116\214\230\171\137\017\174\373\145\160}{section.6}% 23
\BOOKMARK [2][-]{subsection.6.3}{\376\377\133\232\164\006\000\040\0009\000.\0001\377\032\127\107\144\112\116\343\116\367\000\040\000\050\000r\000\051}{section.6}% 24
\BOOKMARK [1][-]{section.7}{\376\377\140\073\176\323\116\016\213\304\116\367}{}% 25
\BOOKMARK [2][-]{subsection.7.1}{\376\377\213\272\145\207\166\204\150\070\137\303\215\041\163\056\224\376}{section.7}% 26
\BOOKMARK [2][-]{subsection.7.2}{\376\377\117\030\160\271}{section.7}% 27
\BOOKMARK [2][-]{subsection.7.3}{\376\377\134\100\226\120\116\016\137\000\145\076\225\356\230\230}{section.7}% 28
\BOOKMARK [2][-]{subsection.7.4}{\376\377\142\021\116\354\166\204\133\146\116\140\145\066\203\267}{section.7}% 29
\BOOKMARK [1][-]{section.8}{\376\377\122\006\135\345\213\364\146\016}{}% 30
